[0102/114033.493:ERROR:process_reader_win.cc(123)] NtOpenThread: {Eriþim Yok} Bir iþlem bir nesneye eriþmek istedi, ancak istediði eriþimin haklarý kendisine verilmiþ deðil. (0xc0000022)
[0102/114033.530:ERROR:exception_snapshot_win.cc(99)] thread ID 4472 not found in process
[0102/114033.641:ERROR:process_reader_win.cc(123)] NtOpenThread: {Eriþim Yok} Bir iþlem bir nesneye eriþmek istedi, ancak istediði eriþimin haklarý kendisine verilmiþ deðil. (0xc0000022)
[0102/114033.641:ERROR:exception_snapshot_win.cc(99)] thread ID 11012 not found in process
[0102/114335.675:ERROR:process_reader_win.cc(123)] NtOpenThread: {Eriþim Yok} Bir iþlem bir nesneye eriþmek istedi, ancak istediði eriþimin haklarý kendisine verilmiþ deðil. (0xc0000022)
[0102/114335.679:ERROR:exception_snapshot_win.cc(99)] thread ID 12180 not found in process
[0102/114335.721:ERROR:process_reader_win.cc(123)] NtOpenThread: {Eriþim Yok} Bir iþlem bir nesneye eriþmek istedi, ancak istediði eriþimin haklarý kendisine verilmiþ deðil. (0xc0000022)
[0102/114335.721:ERROR:exception_snapshot_win.cc(99)] thread ID 13600 not found in process
[0102/115645.517:ERROR:process_reader_win.cc(123)] NtOpenThread: {Eriþim Yok} Bir iþlem bir nesneye eriþmek istedi, ancak istediði eriþimin haklarý kendisine verilmiþ deðil. (0xc0000022)
[0102/115645.518:ERROR:exception_snapshot_win.cc(99)] thread ID 10820 not found in process
[0102/115645.560:ERROR:process_reader_win.cc(123)] NtOpenThread: {Eriþim Yok} Bir iþlem bir nesneye eriþmek istedi, ancak istediði eriþimin haklarý kendisine verilmiþ deðil. (0xc0000022)
[0102/115645.560:ERROR:exception_snapshot_win.cc(99)] thread ID 5084 not found in process
[0102/120321.956:ERROR:process_reader_win.cc(123)] NtOpenThread: {Eriþim Yok} Bir iþlem bir nesneye eriþmek istedi, ancak istediði eriþimin haklarý kendisine verilmiþ deðil. (0xc0000022)
[0102/120321.958:ERROR:exception_snapshot_win.cc(99)] thread ID 32 not found in process
[0102/120321.989:ERROR:process_reader_win.cc(123)] NtOpenThread: {Eriþim Yok} Bir iþlem bir nesneye eriþmek istedi, ancak istediði eriþimin haklarý kendisine verilmiþ deðil. (0xc0000022)
[0102/120321.989:ERROR:exception_snapshot_win.cc(99)] thread ID 13960 not found in process
[0102/120322.033:ERROR:process_reader_win.cc(123)] NtOpenThread: {Eriþim Yok} Bir iþlem bir nesneye eriþmek istedi, ancak istediði eriþimin haklarý kendisine verilmiþ deðil. (0xc0000022)
[0102/120322.033:ERROR:exception_snapshot_win.cc(99)] thread ID 6624 not found in process
[0102/120533.443:ERROR:process_reader_win.cc(123)] NtOpenThread: {Eriþim Yok} Bir iþlem bir nesneye eriþmek istedi, ancak istediði eriþimin haklarý kendisine verilmiþ deðil. (0xc0000022)
[0102/120533.444:ERROR:exception_snapshot_win.cc(99)] thread ID 13840 not found in process
[0102/120533.487:ERROR:process_reader_win.cc(123)] NtOpenThread: {Eriþim Yok} Bir iþlem bir nesneye eriþmek istedi, ancak istediði eriþimin haklarý kendisine verilmiþ deðil. (0xc0000022)
[0102/120533.487:ERROR:exception_snapshot_win.cc(99)] thread ID 3672 not found in process
[0102/184818.254:ERROR:process_reader_win.cc(123)] NtOpenThread: {Eriþim Yok} Bir iþlem bir nesneye eriþmek istedi, ancak istediði eriþimin haklarý kendisine verilmiþ deðil. (0xc0000022)
[0102/184818.312:ERROR:exception_snapshot_win.cc(99)] thread ID 18796 not found in process
[0102/184818.422:ERROR:process_reader_win.cc(123)] NtOpenThread: {Eriþim Yok} Bir iþlem bir nesneye eriþmek istedi, ancak istediði eriþimin haklarý kendisine verilmiþ deðil. (0xc0000022)
[0102/184818.423:ERROR:exception_snapshot_win.cc(99)] thread ID 24680 not found in process
[0102/184849.890:ERROR:process_reader_win.cc(123)] NtOpenThread: {Eriþim Yok} Bir iþlem bir nesneye eriþmek istedi, ancak istediði eriþimin haklarý kendisine verilmiþ deðil. (0xc0000022)
[0102/184849.951:ERROR:exception_snapshot_win.cc(99)] thread ID 25264 not found in process
[0102/184849.993:ERROR:process_reader_win.cc(151)] SuspendThread: Eriþim engellendi. (0x5)
[0102/184849.993:ERROR:process_reader_win.cc(123)] NtOpenThread: {Eriþim Yok} Bir iþlem bir nesneye eriþmek istedi, ancak istediði eriþimin haklarý kendisine verilmiþ deðil. (0xc0000022)
[0102/184850.055:ERROR:exception_snapshot_win.cc(99)] thread ID 2136 not found in process
[0102/185541.125:ERROR:process_reader_win.cc(123)] NtOpenThread: {Eriþim Yok} Bir iþlem bir nesneye eriþmek istedi, ancak istediði eriþimin haklarý kendisine verilmiþ deðil. (0xc0000022)
[0102/185541.264:ERROR:exception_snapshot_win.cc(99)] thread ID 12904 not found in process
[0102/185541.306:ERROR:process_reader_win.cc(123)] NtOpenThread: {Eriþim Yok} Bir iþlem bir nesneye eriþmek istedi, ancak istediði eriþimin haklarý kendisine verilmiþ deðil. (0xc0000022)
[0102/185541.306:ERROR:exception_snapshot_win.cc(99)] thread ID 27420 not found in process
[0102/185641.277:ERROR:process_reader_win.cc(123)] NtOpenThread: {Eriþim Yok} Bir iþlem bir nesneye eriþmek istedi, ancak istediði eriþimin haklarý kendisine verilmiþ deðil. (0xc0000022)
[0102/185641.279:ERROR:exception_snapshot_win.cc(99)] thread ID 25720 not found in process
[0102/185641.314:ERROR:process_reader_win.cc(123)] NtOpenThread: {Eriþim Yok} Bir iþlem bir nesneye eriþmek istedi, ancak istediði eriþimin haklarý kendisine verilmiþ deðil. (0xc0000022)
[0102/185641.314:ERROR:exception_snapshot_win.cc(99)] thread ID 20928 not found in process
[0102/185743.696:ERROR:process_reader_win.cc(123)] NtOpenThread: {Eriþim Yok} Bir iþlem bir nesneye eriþmek istedi, ancak istediði eriþimin haklarý kendisine verilmiþ deðil. (0xc0000022)
[0102/185743.697:ERROR:exception_snapshot_win.cc(99)] thread ID 25400 not found in process
[0102/185743.720:ERROR:process_reader_win.cc(123)] NtOpenThread: {Eriþim Yok} Bir iþlem bir nesneye eriþmek istedi, ancak istediði eriþimin haklarý kendisine verilmiþ deðil. (0xc0000022)
[0102/185743.720:ERROR:exception_snapshot_win.cc(99)] thread ID 6156 not found in process
[0102/185743.762:ERROR:process_reader_win.cc(123)] NtOpenThread: {Eriþim Yok} Bir iþlem bir nesneye eriþmek istedi, ancak istediði eriþimin haklarý kendisine verilmiþ deðil. (0xc0000022)
[0102/185743.762:ERROR:exception_snapshot_win.cc(99)] thread ID 7648 not found in process
[0102/185746.218:ERROR:process_reader_win.cc(123)] NtOpenThread: {Eriþim Yok} Bir iþlem bir nesneye eriþmek istedi, ancak istediði eriþimin haklarý kendisine verilmiþ deðil. (0xc0000022)
[0102/185746.218:ERROR:exception_snapshot_win.cc(99)] thread ID 25864 not found in process
[0102/191008.199:ERROR:process_reader_win.cc(123)] NtOpenThread: {Eriþim Yok} Bir iþlem bir nesneye eriþmek istedi, ancak istediði eriþimin haklarý kendisine verilmiþ deðil. (0xc0000022)
[0102/191008.200:ERROR:exception_snapshot_win.cc(99)] thread ID 21644 not found in process
[0102/191008.247:ERROR:process_reader_win.cc(123)] NtOpenThread: {Eriþim Yok} Bir iþlem bir nesneye eriþmek istedi, ancak istediði eriþimin haklarý kendisine verilmiþ deðil. (0xc0000022)
[0102/191008.248:ERROR:exception_snapshot_win.cc(99)] thread ID 21240 not found in process
[0102/191009.141:ERROR:process_reader_win.cc(123)] NtOpenThread: {Eriþim Yok} Bir iþlem bir nesneye eriþmek istedi, ancak istediði eriþimin haklarý kendisine verilmiþ deðil. (0xc0000022)
[0102/191009.142:ERROR:exception_snapshot_win.cc(99)] thread ID 26464 not found in process
[0102/191009.168:ERROR:process_reader_win.cc(123)] NtOpenThread: {Eriþim Yok} Bir iþlem bir nesneye eriþmek istedi, ancak istediði eriþimin haklarý kendisine verilmiþ deðil. (0xc0000022)
[0102/191009.168:ERROR:exception_snapshot_win.cc(99)] thread ID 23832 not found in process
[0102/191009.228:ERROR:process_reader_win.cc(123)] NtOpenThread: {Eriþim Yok} Bir iþlem bir nesneye eriþmek istedi, ancak istediði eriþimin haklarý kendisine verilmiþ deðil. (0xc0000022)
[0102/191009.228:ERROR:exception_snapshot_win.cc(99)] thread ID 18876 not found in process
[0102/191319.901:ERROR:process_reader_win.cc(151)] SuspendThread: Eriþim engellendi. (0x5)
[0102/191319.903:ERROR:process_reader_win.cc(123)] NtOpenThread: {Eriþim Yok} Bir iþlem bir nesneye eriþmek istedi, ancak istediði eriþimin haklarý kendisine verilmiþ deðil. (0xc0000022)
[0102/191319.903:ERROR:exception_snapshot_win.cc(99)] thread ID 24904 not found in process
[0102/191319.950:ERROR:process_reader_win.cc(151)] SuspendThread: Eriþim engellendi. (0x5)
[0102/191319.950:ERROR:process_reader_win.cc(151)] SuspendThread: Eriþim engellendi. (0x5)
[0102/191319.950:ERROR:process_reader_win.cc(151)] SuspendThread: Eriþim engellendi. (0x5)
[0102/191319.950:ERROR:process_reader_win.cc(151)] SuspendThread: Eriþim engellendi. (0x5)
[0102/191319.950:ERROR:process_reader_win.cc(151)] SuspendThread: Eriþim engellendi. (0x5)
[0102/191319.950:ERROR:process_reader_win.cc(123)] NtOpenThread: {Eriþim Yok} Bir iþlem bir nesneye eriþmek istedi, ancak istediði eriþimin haklarý kendisine verilmiþ deðil. (0xc0000022)
[0102/191319.950:ERROR:exception_snapshot_win.cc(99)] thread ID 25048 not found in process
[0102/191339.373:ERROR:process_reader_win.cc(151)] SuspendThread: Eriþim engellendi. (0x5)
[0102/191339.375:ERROR:process_reader_win.cc(151)] SuspendThread: Eriþim engellendi. (0x5)
[0102/191339.375:ERROR:process_reader_win.cc(123)] NtOpenThread: {Eriþim Yok} Bir iþlem bir nesneye eriþmek istedi, ancak istediði eriþimin haklarý kendisine verilmiþ deðil. (0xc0000022)
[0102/191339.375:ERROR:exception_snapshot_win.cc(99)] thread ID 26660 not found in process
[0102/191339.420:ERROR:process_reader_win.cc(151)] SuspendThread: Eriþim engellendi. (0x5)
[0102/191339.420:ERROR:process_reader_win.cc(151)] SuspendThread: Eriþim engellendi. (0x5)
[0102/191339.420:ERROR:process_reader_win.cc(151)] SuspendThread: Eriþim engellendi. (0x5)
[0102/191339.420:ERROR:process_reader_win.cc(151)] SuspendThread: Eriþim engellendi. (0x5)
[0102/191339.421:ERROR:process_reader_win.cc(151)] SuspendThread: Eriþim engellendi. (0x5)
[0102/191339.421:ERROR:process_reader_win.cc(151)] SuspendThread: Eriþim engellendi. (0x5)
[0102/191339.421:ERROR:process_reader_win.cc(151)] SuspendThread: Eriþim engellendi. (0x5)
[0102/191339.421:ERROR:process_reader_win.cc(151)] SuspendThread: Eriþim engellendi. (0x5)
[0102/191339.421:ERROR:process_reader_win.cc(123)] NtOpenThread: {Eriþim Yok} Bir iþlem bir nesneye eriþmek istedi, ancak istediði eriþimin haklarý kendisine verilmiþ deðil. (0xc0000022)
[0102/191339.421:ERROR:exception_snapshot_win.cc(99)] thread ID 25052 not found in process
[0102/191807.278:ERROR:process_reader_win.cc(123)] NtOpenThread: {Eriþim Yok} Bir iþlem bir nesneye eriþmek istedi, ancak istediði eriþimin haklarý kendisine verilmiþ deðil. (0xc0000022)
[0102/191807.280:ERROR:exception_snapshot_win.cc(99)] thread ID 22516 not found in process
[0102/191807.329:ERROR:process_reader_win.cc(123)] NtOpenThread: {Eriþim Yok} Bir iþlem bir nesneye eriþmek istedi, ancak istediði eriþimin haklarý kendisine verilmiþ deðil. (0xc0000022)
[0102/191807.330:ERROR:exception_snapshot_win.cc(99)] thread ID 17448 not found in process
[0102/191942.364:ERROR:process_reader_win.cc(123)] NtOpenThread: {Eriþim Yok} Bir iþlem bir nesneye eriþmek istedi, ancak istediði eriþimin haklarý kendisine verilmiþ deðil. (0xc0000022)
[0102/191942.365:ERROR:exception_snapshot_win.cc(99)] thread ID 24808 not found in process
[0102/191942.400:ERROR:process_reader_win.cc(123)] NtOpenThread: {Eriþim Yok} Bir iþlem bir nesneye eriþmek istedi, ancak istediði eriþimin haklarý kendisine verilmiþ deðil. (0xc0000022)
[0102/191942.400:ERROR:exception_snapshot_win.cc(99)] thread ID 24636 not found in process
[0102/192530.249:ERROR:process_reader_win.cc(123)] NtOpenThread: {Eriþim Yok} Bir iþlem bir nesneye eriþmek istedi, ancak istediði eriþimin haklarý kendisine verilmiþ deðil. (0xc0000022)
[0102/192530.251:ERROR:exception_snapshot_win.cc(99)] thread ID 8136 not found in process
[0102/192530.269:ERROR:process_reader_win.cc(123)] NtOpenThread: {Eriþim Yok} Bir iþlem bir nesneye eriþmek istedi, ancak istediði eriþimin haklarý kendisine verilmiþ deðil. (0xc0000022)
[0102/192530.269:ERROR:exception_snapshot_win.cc(99)] thread ID 11564 not found in process
[0102/192530.304:ERROR:process_reader_win.cc(123)] NtOpenThread: {Eriþim Yok} Bir iþlem bir nesneye eriþmek istedi, ancak istediði eriþimin haklarý kendisine verilmiþ deðil. (0xc0000022)
[0102/192530.304:ERROR:exception_snapshot_win.cc(99)] thread ID 15456 not found in process
[0102/192658.496:ERROR:process_reader_win.cc(123)] NtOpenThread: {Eriþim Yok} Bir iþlem bir nesneye eriþmek istedi, ancak istediði eriþimin haklarý kendisine verilmiþ deðil. (0xc0000022)
[0102/192658.497:ERROR:exception_snapshot_win.cc(99)] thread ID 18732 not found in process
[0102/192658.550:ERROR:process_reader_win.cc(123)] NtOpenThread: {Eriþim Yok} Bir iþlem bir nesneye eriþmek istedi, ancak istediði eriþimin haklarý kendisine verilmiþ deðil. (0xc0000022)
[0102/192658.550:ERROR:exception_snapshot_win.cc(99)] thread ID 2752 not found in process
[0103/024917.877:ERROR:process_reader_win.cc(123)] NtOpenThread: {Eriþim Yok} Bir iþlem bir nesneye eriþmek istedi, ancak istediði eriþimin haklarý kendisine verilmiþ deðil. (0xc0000022)
[0103/024917.983:ERROR:exception_snapshot_win.cc(99)] thread ID 13584 not found in process
[0103/025157.615:ERROR:process_reader_win.cc(123)] NtOpenThread: {Eriþim Yok} Bir iþlem bir nesneye eriþmek istedi, ancak istediði eriþimin haklarý kendisine verilmiþ deðil. (0xc0000022)
[0103/025157.616:ERROR:exception_snapshot_win.cc(99)] thread ID 14580 not found in process
[0103/025157.671:ERROR:process_reader_win.cc(123)] NtOpenThread: {Eriþim Yok} Bir iþlem bir nesneye eriþmek istedi, ancak istediði eriþimin haklarý kendisine verilmiþ deðil. (0xc0000022)
[0103/025157.671:ERROR:exception_snapshot_win.cc(99)] thread ID 15056 not found in process
[0103/025652.321:ERROR:process_reader_win.cc(123)] NtOpenThread: {Eriþim Yok} Bir iþlem bir nesneye eriþmek istedi, ancak istediði eriþimin haklarý kendisine verilmiþ deðil. (0xc0000022)
[0103/025652.323:ERROR:exception_snapshot_win.cc(99)] thread ID 14164 not found in process
[0103/025652.396:ERROR:process_reader_win.cc(123)] NtOpenThread: {Eriþim Yok} Bir iþlem bir nesneye eriþmek istedi, ancak istediði eriþimin haklarý kendisine verilmiþ deðil. (0xc0000022)
[0103/025652.397:ERROR:exception_snapshot_win.cc(99)] thread ID 11632 not found in process
[0103/025701.831:ERROR:process_reader_win.cc(123)] NtOpenThread: {Eriþim Yok} Bir iþlem bir nesneye eriþmek istedi, ancak istediði eriþimin haklarý kendisine verilmiþ deðil. (0xc0000022)
[0103/025701.832:ERROR:exception_snapshot_win.cc(99)] thread ID 9252 not found in process
[0103/025701.880:ERROR:process_reader_win.cc(123)] NtOpenThread: {Eriþim Yok} Bir iþlem bir nesneye eriþmek istedi, ancak istediði eriþimin haklarý kendisine verilmiþ deðil. (0xc0000022)
[0103/025701.880:ERROR:exception_snapshot_win.cc(99)] thread ID 15184 not found in process
[0103/030409.513:ERROR:process_reader_win.cc(123)] NtOpenThread: {Eriþim Yok} Bir iþlem bir nesneye eriþmek istedi, ancak istediði eriþimin haklarý kendisine verilmiþ deðil. (0xc0000022)
[0103/030409.514:ERROR:exception_snapshot_win.cc(99)] thread ID 9668 not found in process
[0103/030409.559:ERROR:process_reader_win.cc(123)] NtOpenThread: {Eriþim Yok} Bir iþlem bir nesneye eriþmek istedi, ancak istediði eriþimin haklarý kendisine verilmiþ deðil. (0xc0000022)
[0103/030409.559:ERROR:exception_snapshot_win.cc(99)] thread ID 13328 not found in process
[0103/033143.046:ERROR:process_reader_win.cc(123)] NtOpenThread: {Eriþim Yok} Bir iþlem bir nesneye eriþmek istedi, ancak istediði eriþimin haklarý kendisine verilmiþ deðil. (0xc0000022)
[0103/033143.048:ERROR:exception_snapshot_win.cc(99)] thread ID 11564 not found in process
[0103/033143.092:ERROR:process_reader_win.cc(123)] NtOpenThread: {Eriþim Yok} Bir iþlem bir nesneye eriþmek istedi, ancak istediði eriþimin haklarý kendisine verilmiþ deðil. (0xc0000022)
[0103/033143.092:ERROR:exception_snapshot_win.cc(99)] thread ID 7364 not found in process
[0103/035706.638:ERROR:process_reader_win.cc(123)] NtOpenThread: {Eriþim Yok} Bir iþlem bir nesneye eriþmek istedi, ancak istediði eriþimin haklarý kendisine verilmiþ deðil. (0xc0000022)
[0103/035706.639:ERROR:exception_snapshot_win.cc(99)] thread ID 12076 not found in process
[0103/035706.675:ERROR:process_reader_win.cc(123)] NtOpenThread: {Eriþim Yok} Bir iþlem bir nesneye eriþmek istedi, ancak istediði eriþimin haklarý kendisine verilmiþ deðil. (0xc0000022)
[0103/035706.675:ERROR:exception_snapshot_win.cc(99)] thread ID 14528 not found in process
[0103/040409.225:ERROR:process_reader_win.cc(123)] NtOpenThread: {Eriþim Yok} Bir iþlem bir nesneye eriþmek istedi, ancak istediði eriþimin haklarý kendisine verilmiþ deðil. (0xc0000022)
[0103/040409.226:ERROR:exception_snapshot_win.cc(99)] thread ID 12776 not found in process
[0103/040409.265:ERROR:process_reader_win.cc(123)] NtOpenThread: {Eriþim Yok} Bir iþlem bir nesneye eriþmek istedi, ancak istediði eriþimin haklarý kendisine verilmiþ deðil. (0xc0000022)
[0103/040409.265:ERROR:exception_snapshot_win.cc(99)] thread ID 14324 not found in process
[0103/041134.946:ERROR:process_reader_win.cc(123)] NtOpenThread: {Eriþim Yok} Bir iþlem bir nesneye eriþmek istedi, ancak istediði eriþimin haklarý kendisine verilmiþ deðil. (0xc0000022)
[0103/041134.947:ERROR:exception_snapshot_win.cc(99)] thread ID 10344 not found in process
[0103/041134.991:ERROR:process_reader_win.cc(151)] SuspendThread: Eriþim engellendi. (0x5)
[0103/041134.991:ERROR:process_reader_win.cc(151)] SuspendThread: Eriþim engellendi. (0x5)
[0103/041134.992:ERROR:process_reader_win.cc(123)] NtOpenThread: {Eriþim Yok} Bir iþlem bir nesneye eriþmek istedi, ancak istediði eriþimin haklarý kendisine verilmiþ deðil. (0xc0000022)
[0103/041134.992:ERROR:exception_snapshot_win.cc(99)] thread ID 6904 not found in process
[0103/041143.867:ERROR:process_reader_win.cc(123)] NtOpenThread: {Eriþim Yok} Bir iþlem bir nesneye eriþmek istedi, ancak istediði eriþimin haklarý kendisine verilmiþ deðil. (0xc0000022)
[0103/041143.868:ERROR:exception_snapshot_win.cc(99)] thread ID 13472 not found in process
[0103/041143.916:ERROR:process_reader_win.cc(123)] NtOpenThread: {Eriþim Yok} Bir iþlem bir nesneye eriþmek istedi, ancak istediði eriþimin haklarý kendisine verilmiþ deðil. (0xc0000022)
[0103/041143.916:ERROR:exception_snapshot_win.cc(99)] thread ID 10784 not found in process
[0105/022259.184:ERROR:directory_reader_win.cc(43)] FindFirstFile: Sistem belirtilen yolu bulamýyor. (0x3)
[0105/023251.532:ERROR:process_reader_win.cc(123)] NtOpenThread: {Eriþim Yok} Bir iþlem bir nesneye eriþmek istedi, ancak istediði eriþimin haklarý kendisine verilmiþ deðil. (0xc0000022)
[0105/023251.582:ERROR:exception_snapshot_win.cc(99)] thread ID 14916 not found in process
[0105/023251.652:ERROR:process_reader_win.cc(151)] SuspendThread: Eriþim engellendi. (0x5)
[0105/023251.652:ERROR:process_reader_win.cc(151)] SuspendThread: Eriþim engellendi. (0x5)
[0105/023251.652:ERROR:process_reader_win.cc(123)] NtOpenThread: {Eriþim Yok} Bir iþlem bir nesneye eriþmek istedi, ancak istediði eriþimin haklarý kendisine verilmiþ deðil. (0xc0000022)
[0105/023251.652:ERROR:exception_snapshot_win.cc(99)] thread ID 12888 not found in process
[0105/023839.886:ERROR:process_reader_win.cc(123)] NtOpenThread: {Eriþim Yok} Bir iþlem bir nesneye eriþmek istedi, ancak istediði eriþimin haklarý kendisine verilmiþ deðil. (0xc0000022)
[0105/023839.888:ERROR:exception_snapshot_win.cc(99)] thread ID 84 not found in process
[0105/023839.951:ERROR:process_reader_win.cc(123)] NtOpenThread: {Eriþim Yok} Bir iþlem bir nesneye eriþmek istedi, ancak istediði eriþimin haklarý kendisine verilmiþ deðil. (0xc0000022)
[0105/023839.951:ERROR:exception_snapshot_win.cc(99)] thread ID 12364 not found in process
[0105/023841.226:ERROR:process_reader_win.cc(123)] NtOpenThread: {Eriþim Yok} Bir iþlem bir nesneye eriþmek istedi, ancak istediði eriþimin haklarý kendisine verilmiþ deðil. (0xc0000022)
[0105/023841.228:ERROR:exception_snapshot_win.cc(99)] thread ID 15176 not found in process
[0105/023841.276:ERROR:process_reader_win.cc(123)] NtOpenThread: {Eriþim Yok} Bir iþlem bir nesneye eriþmek istedi, ancak istediði eriþimin haklarý kendisine verilmiþ deðil. (0xc0000022)
[0105/023841.276:ERROR:exception_snapshot_win.cc(99)] thread ID 12452 not found in process
[0105/023946.124:ERROR:process_reader_win.cc(123)] NtOpenThread: {Eriþim Yok} Bir iþlem bir nesneye eriþmek istedi, ancak istediði eriþimin haklarý kendisine verilmiþ deðil. (0xc0000022)
[0105/023946.126:ERROR:exception_snapshot_win.cc(99)] thread ID 3012 not found in process
[0105/023946.185:ERROR:process_reader_win.cc(123)] NtOpenThread: {Eriþim Yok} Bir iþlem bir nesneye eriþmek istedi, ancak istediði eriþimin haklarý kendisine verilmiþ deðil. (0xc0000022)
[0105/023946.185:ERROR:exception_snapshot_win.cc(99)] thread ID 9848 not found in process
[0105/024256.016:ERROR:process_reader_win.cc(123)] NtOpenThread: {Eriþim Yok} Bir iþlem bir nesneye eriþmek istedi, ancak istediði eriþimin haklarý kendisine verilmiþ deðil. (0xc0000022)
[0105/024256.018:ERROR:exception_snapshot_win.cc(99)] thread ID 15132 not found in process
[0105/024256.065:ERROR:process_reader_win.cc(123)] NtOpenThread: {Eriþim Yok} Bir iþlem bir nesneye eriþmek istedi, ancak istediði eriþimin haklarý kendisine verilmiþ deðil. (0xc0000022)
[0105/024256.065:ERROR:exception_snapshot_win.cc(99)] thread ID 5972 not found in process
[0105/150756.778:ERROR:process_reader_win.cc(123)] NtOpenThread: {Eriþim Yok} Bir iþlem bir nesneye eriþmek istedi, ancak istediði eriþimin haklarý kendisine verilmiþ deðil. (0xc0000022)
[0105/150756.818:ERROR:exception_snapshot_win.cc(99)] thread ID 14840 not found in process
[0105/150756.911:ERROR:process_reader_win.cc(123)] NtOpenThread: {Eriþim Yok} Bir iþlem bir nesneye eriþmek istedi, ancak istediði eriþimin haklarý kendisine verilmiþ deðil. (0xc0000022)
[0105/150756.911:ERROR:exception_snapshot_win.cc(99)] thread ID 13808 not found in process
[0105/150758.413:ERROR:process_reader_win.cc(123)] NtOpenThread: {Eriþim Yok} Bir iþlem bir nesneye eriþmek istedi, ancak istediði eriþimin haklarý kendisine verilmiþ deðil. (0xc0000022)
[0105/150758.415:ERROR:exception_snapshot_win.cc(99)] thread ID 14304 not found in process
[0105/150758.514:ERROR:process_reader_win.cc(123)] NtOpenThread: {Eriþim Yok} Bir iþlem bir nesneye eriþmek istedi, ancak istediði eriþimin haklarý kendisine verilmiþ deðil. (0xc0000022)
[0105/150758.515:ERROR:exception_snapshot_win.cc(99)] thread ID 13632 not found in process
[0105/170235.132:ERROR:scoped_process_suspend.cc(31)] NtSuspendProcess: Sona ermekte olan bir iþleme eriþmeye çalýþýldý. (0xc000010a)
[0105/170236.841:ERROR:process_info.cc(118)] ReadProcessMemory bool __cdecl crashpad::(anonymous namespace)::ReadStruct(HANDLE, crashpad::WinVMAddress, T *) [T = crashpad::process_types::PEB<crashpad::process_types::internal::Traits64>]: ReadProcessMemory veya WriteProcessMemory isteðinin sadece bir parçasý tamamlandý. (0x12B)
[0105/170236.841:ERROR:process_info.cc(551)] ReadProcessData failed
[0105/174048.023:ERROR:process_reader_win.cc(123)] NtOpenThread: {Eriþim Yok} Bir iþlem bir nesneye eriþmek istedi, ancak istediði eriþimin haklarý kendisine verilmiþ deðil. (0xc0000022)
[0105/174048.091:ERROR:exception_snapshot_win.cc(99)] thread ID 7812 not found in process
[0105/174048.150:ERROR:process_reader_win.cc(123)] NtOpenThread: {Eriþim Yok} Bir iþlem bir nesneye eriþmek istedi, ancak istediði eriþimin haklarý kendisine verilmiþ deðil. (0xc0000022)
[0105/174048.150:ERROR:exception_snapshot_win.cc(99)] thread ID 10788 not found in process
[0105/174048.316:ERROR:process_reader_win.cc(123)] NtOpenThread: {Eriþim Yok} Bir iþlem bir nesneye eriþmek istedi, ancak istediði eriþimin haklarý kendisine verilmiþ deðil. (0xc0000022)
[0105/174048.316:ERROR:exception_snapshot_win.cc(99)] thread ID 14680 not found in process
[0105/174049.243:ERROR:process_reader_win.cc(123)] NtOpenThread: {Eriþim Yok} Bir iþlem bir nesneye eriþmek istedi, ancak istediði eriþimin haklarý kendisine verilmiþ deðil. (0xc0000022)
[0105/174049.243:ERROR:exception_snapshot_win.cc(99)] thread ID 13804 not found in process
[0105/174342.973:ERROR:process_reader_win.cc(123)] NtOpenThread: {Eriþim Yok} Bir iþlem bir nesneye eriþmek istedi, ancak istediði eriþimin haklarý kendisine verilmiþ deðil. (0xc0000022)
[0105/174343.277:ERROR:exception_snapshot_win.cc(99)] thread ID 15352 not found in process
[0105/174344.452:ERROR:process_reader_win.cc(123)] NtOpenThread: {Eriþim Yok} Bir iþlem bir nesneye eriþmek istedi, ancak istediði eriþimin haklarý kendisine verilmiþ deðil. (0xc0000022)
[0105/174344.452:ERROR:exception_snapshot_win.cc(99)] thread ID 14512 not found in process
[0105/181356.279:ERROR:process_reader_win.cc(123)] NtOpenThread: {Eriþim Yok} Bir iþlem bir nesneye eriþmek istedi, ancak istediði eriþimin haklarý kendisine verilmiþ deðil. (0xc0000022)
[0105/181356.681:ERROR:exception_snapshot_win.cc(99)] thread ID 15956 not found in process
[0105/181359.050:ERROR:process_reader_win.cc(123)] NtOpenThread: {Eriþim Yok} Bir iþlem bir nesneye eriþmek istedi, ancak istediði eriþimin haklarý kendisine verilmiþ deðil. (0xc0000022)
[0105/181359.050:ERROR:exception_snapshot_win.cc(99)] thread ID 13200 not found in process
[0105/181724.527:ERROR:process_reader_win.cc(123)] NtOpenThread: {Eriþim Yok} Bir iþlem bir nesneye eriþmek istedi, ancak istediði eriþimin haklarý kendisine verilmiþ deðil. (0xc0000022)
[0105/181724.660:ERROR:exception_snapshot_win.cc(99)] thread ID 12336 not found in process
[0105/181724.704:ERROR:process_reader_win.cc(123)] NtOpenThread: {Eriþim Yok} Bir iþlem bir nesneye eriþmek istedi, ancak istediði eriþimin haklarý kendisine verilmiþ deðil. (0xc0000022)
[0105/181724.704:ERROR:exception_snapshot_win.cc(99)] thread ID 11244 not found in process
[0106/005538.941:ERROR:process_reader_win.cc(123)] NtOpenThread: {Eriþim Yok} Bir iþlem bir nesneye eriþmek istedi, ancak istediði eriþimin haklarý kendisine verilmiþ deðil. (0xc0000022)
[0106/005538.984:ERROR:exception_snapshot_win.cc(99)] thread ID 14648 not found in process
[0106/005539.034:ERROR:process_reader_win.cc(123)] NtOpenThread: {Eriþim Yok} Bir iþlem bir nesneye eriþmek istedi, ancak istediði eriþimin haklarý kendisine verilmiþ deðil. (0xc0000022)
[0106/005539.034:ERROR:exception_snapshot_win.cc(99)] thread ID 15752 not found in process
[0106/005747.362:ERROR:process_reader_win.cc(123)] NtOpenThread: {Eriþim Yok} Bir iþlem bir nesneye eriþmek istedi, ancak istediði eriþimin haklarý kendisine verilmiþ deðil. (0xc0000022)
[0106/005747.364:ERROR:exception_snapshot_win.cc(99)] thread ID 12088 not found in process
[0106/005747.413:ERROR:process_reader_win.cc(123)] NtOpenThread: {Eriþim Yok} Bir iþlem bir nesneye eriþmek istedi, ancak istediði eriþimin haklarý kendisine verilmiþ deðil. (0xc0000022)
[0106/005747.413:ERROR:exception_snapshot_win.cc(99)] thread ID 15932 not found in process
[0106/010001.447:ERROR:process_reader_win.cc(123)] NtOpenThread: {Eriþim Yok} Bir iþlem bir nesneye eriþmek istedi, ancak istediði eriþimin haklarý kendisine verilmiþ deðil. (0xc0000022)
[0106/010001.449:ERROR:exception_snapshot_win.cc(99)] thread ID 17260 not found in process
[0106/010001.498:ERROR:process_reader_win.cc(123)] NtOpenThread: {Eriþim Yok} Bir iþlem bir nesneye eriþmek istedi, ancak istediði eriþimin haklarý kendisine verilmiþ deðil. (0xc0000022)
[0106/010001.498:ERROR:exception_snapshot_win.cc(99)] thread ID 17264 not found in process
[0106/010008.917:ERROR:process_reader_win.cc(123)] NtOpenThread: {Eriþim Yok} Bir iþlem bir nesneye eriþmek istedi, ancak istediði eriþimin haklarý kendisine verilmiþ deðil. (0xc0000022)
[0106/010008.918:ERROR:exception_snapshot_win.cc(99)] thread ID 15808 not found in process
[0106/010008.968:ERROR:process_reader_win.cc(123)] NtOpenThread: {Eriþim Yok} Bir iþlem bir nesneye eriþmek istedi, ancak istediði eriþimin haklarý kendisine verilmiþ deðil. (0xc0000022)
[0106/010008.968:ERROR:exception_snapshot_win.cc(99)] thread ID 11688 not found in process
[0106/010435.331:ERROR:process_reader_win.cc(123)] NtOpenThread: {Eriþim Yok} Bir iþlem bir nesneye eriþmek istedi, ancak istediði eriþimin haklarý kendisine verilmiþ deðil. (0xc0000022)
[0106/010435.333:ERROR:exception_snapshot_win.cc(99)] thread ID 16892 not found in process
[0106/010435.378:ERROR:process_reader_win.cc(123)] NtOpenThread: {Eriþim Yok} Bir iþlem bir nesneye eriþmek istedi, ancak istediði eriþimin haklarý kendisine verilmiþ deðil. (0xc0000022)
[0106/010435.378:ERROR:exception_snapshot_win.cc(99)] thread ID 16888 not found in process
[0106/011123.738:ERROR:process_reader_win.cc(123)] NtOpenThread: {Eriþim Yok} Bir iþlem bir nesneye eriþmek istedi, ancak istediði eriþimin haklarý kendisine verilmiþ deðil. (0xc0000022)
[0106/011123.769:ERROR:exception_snapshot_win.cc(99)] thread ID 11556 not found in process
[0106/011123.825:ERROR:process_reader_win.cc(123)] NtOpenThread: {Eriþim Yok} Bir iþlem bir nesneye eriþmek istedi, ancak istediði eriþimin haklarý kendisine verilmiþ deðil. (0xc0000022)
[0106/011123.825:ERROR:exception_snapshot_win.cc(99)] thread ID 14524 not found in process
[0106/011236.540:ERROR:process_reader_win.cc(123)] NtOpenThread: {Eriþim Yok} Bir iþlem bir nesneye eriþmek istedi, ancak istediði eriþimin haklarý kendisine verilmiþ deðil. (0xc0000022)
[0106/011236.541:ERROR:exception_snapshot_win.cc(99)] thread ID 11228 not found in process
[0106/011236.590:ERROR:process_reader_win.cc(123)] NtOpenThread: {Eriþim Yok} Bir iþlem bir nesneye eriþmek istedi, ancak istediði eriþimin haklarý kendisine verilmiþ deðil. (0xc0000022)
[0106/011236.590:ERROR:exception_snapshot_win.cc(99)] thread ID 11452 not found in process
[0106/012155.088:ERROR:process_reader_win.cc(123)] NtOpenThread: {Eriþim Yok} Bir iþlem bir nesneye eriþmek istedi, ancak istediði eriþimin haklarý kendisine verilmiþ deðil. (0xc0000022)
[0106/012155.088:ERROR:process_reader_win.cc(123)] NtOpenThread: {Eriþim Yok} Bir iþlem bir nesneye eriþmek istedi, ancak istediði eriþimin haklarý kendisine verilmiþ deðil. (0xc0000022)
[0106/012155.091:ERROR:exception_snapshot_win.cc(99)] thread ID 12436 not found in process
[0106/012155.091:ERROR:exception_snapshot_win.cc(99)] thread ID 15364 not found in process
[0106/012155.190:ERROR:process_reader_win.cc(123)] NtOpenThread: {Eriþim Yok} Bir iþlem bir nesneye eriþmek istedi, ancak istediði eriþimin haklarý kendisine verilmiþ deðil. (0xc0000022)
[0106/012155.190:ERROR:process_reader_win.cc(123)] NtOpenThread: {Eriþim Yok} Bir iþlem bir nesneye eriþmek istedi, ancak istediði eriþimin haklarý kendisine verilmiþ deðil. (0xc0000022)
[0106/012155.190:ERROR:exception_snapshot_win.cc(99)] thread ID 14160 not found in process
[0106/012155.191:ERROR:exception_snapshot_win.cc(99)] thread ID 4636 not found in process
[0106/012339.131:ERROR:process_reader_win.cc(123)] NtOpenThread: {Eriþim Yok} Bir iþlem bir nesneye eriþmek istedi, ancak istediði eriþimin haklarý kendisine verilmiþ deðil. (0xc0000022)
[0106/012339.133:ERROR:exception_snapshot_win.cc(99)] thread ID 14460 not found in process
[0106/012339.193:ERROR:process_reader_win.cc(123)] NtOpenThread: {Eriþim Yok} Bir iþlem bir nesneye eriþmek istedi, ancak istediði eriþimin haklarý kendisine verilmiþ deðil. (0xc0000022)
[0106/012339.193:ERROR:exception_snapshot_win.cc(99)] thread ID 9232 not found in process
[0106/013059.578:ERROR:process_reader_win.cc(123)] NtOpenThread: {Eriþim Yok} Bir iþlem bir nesneye eriþmek istedi, ancak istediði eriþimin haklarý kendisine verilmiþ deðil. (0xc0000022)
[0106/013059.579:ERROR:exception_snapshot_win.cc(99)] thread ID 14160 not found in process
[0106/013059.633:ERROR:process_reader_win.cc(123)] NtOpenThread: {Eriþim Yok} Bir iþlem bir nesneye eriþmek istedi, ancak istediði eriþimin haklarý kendisine verilmiþ deðil. (0xc0000022)
[0106/013059.633:ERROR:exception_snapshot_win.cc(99)] thread ID 14924 not found in process
[0106/013330.149:ERROR:process_reader_win.cc(123)] NtOpenThread: {Eriþim Yok} Bir iþlem bir nesneye eriþmek istedi, ancak istediði eriþimin haklarý kendisine verilmiþ deðil. (0xc0000022)
[0106/013330.151:ERROR:exception_snapshot_win.cc(99)] thread ID 6024 not found in process
[0106/013330.231:ERROR:process_reader_win.cc(123)] NtOpenThread: {Eriþim Yok} Bir iþlem bir nesneye eriþmek istedi, ancak istediði eriþimin haklarý kendisine verilmiþ deðil. (0xc0000022)
[0106/013330.231:ERROR:exception_snapshot_win.cc(99)] thread ID 7776 not found in process
[0106/013357.346:ERROR:process_reader_win.cc(123)] NtOpenThread: {Eriþim Yok} Bir iþlem bir nesneye eriþmek istedi, ancak istediði eriþimin haklarý kendisine verilmiþ deðil. (0xc0000022)
[0106/013357.348:ERROR:exception_snapshot_win.cc(99)] thread ID 11596 not found in process
[0106/013357.420:ERROR:process_reader_win.cc(123)] NtOpenThread: {Eriþim Yok} Bir iþlem bir nesneye eriþmek istedi, ancak istediði eriþimin haklarý kendisine verilmiþ deðil. (0xc0000022)
[0106/013357.420:ERROR:exception_snapshot_win.cc(99)] thread ID 12136 not found in process
[0106/013731.724:ERROR:process_reader_win.cc(123)] NtOpenThread: {Eriþim Yok} Bir iþlem bir nesneye eriþmek istedi, ancak istediði eriþimin haklarý kendisine verilmiþ deðil. (0xc0000022)
[0106/013731.726:ERROR:exception_snapshot_win.cc(99)] thread ID 10740 not found in process
[0106/013731.804:ERROR:process_reader_win.cc(123)] NtOpenThread: {Eriþim Yok} Bir iþlem bir nesneye eriþmek istedi, ancak istediði eriþimin haklarý kendisine verilmiþ deðil. (0xc0000022)
[0106/013731.804:ERROR:exception_snapshot_win.cc(99)] thread ID 9840 not found in process
[0106/013839.611:ERROR:process_reader_win.cc(123)] NtOpenThread: {Eriþim Yok} Bir iþlem bir nesneye eriþmek istedi, ancak istediði eriþimin haklarý kendisine verilmiþ deðil. (0xc0000022)
[0106/013839.613:ERROR:exception_snapshot_win.cc(99)] thread ID 16184 not found in process
[0106/013839.690:ERROR:process_reader_win.cc(123)] NtOpenThread: {Eriþim Yok} Bir iþlem bir nesneye eriþmek istedi, ancak istediði eriþimin haklarý kendisine verilmiþ deðil. (0xc0000022)
[0106/013839.690:ERROR:exception_snapshot_win.cc(99)] thread ID 14012 not found in process
[0106/013840.793:ERROR:process_reader_win.cc(123)] NtOpenThread: {Eriþim Yok} Bir iþlem bir nesneye eriþmek istedi, ancak istediði eriþimin haklarý kendisine verilmiþ deðil. (0xc0000022)
[0106/013840.795:ERROR:exception_snapshot_win.cc(99)] thread ID 16928 not found in process
[0106/013840.837:ERROR:process_reader_win.cc(123)] NtOpenThread: {Eriþim Yok} Bir iþlem bir nesneye eriþmek istedi, ancak istediði eriþimin haklarý kendisine verilmiþ deðil. (0xc0000022)
[0106/013840.837:ERROR:exception_snapshot_win.cc(99)] thread ID 13236 not found in process
[0106/013840.920:ERROR:process_reader_win.cc(123)] NtOpenThread: {Eriþim Yok} Bir iþlem bir nesneye eriþmek istedi, ancak istediði eriþimin haklarý kendisine verilmiþ deðil. (0xc0000022)
[0106/013840.920:ERROR:exception_snapshot_win.cc(99)] thread ID 16624 not found in process
[0106/014635.326:ERROR:process_reader_win.cc(123)] NtOpenThread: {Eriþim Yok} Bir iþlem bir nesneye eriþmek istedi, ancak istediði eriþimin haklarý kendisine verilmiþ deðil. (0xc0000022)
[0106/014635.327:ERROR:exception_snapshot_win.cc(99)] thread ID 5288 not found in process
[0106/014635.387:ERROR:process_reader_win.cc(123)] NtOpenThread: {Eriþim Yok} Bir iþlem bir nesneye eriþmek istedi, ancak istediði eriþimin haklarý kendisine verilmiþ deðil. (0xc0000022)
[0106/014635.387:ERROR:exception_snapshot_win.cc(99)] thread ID 6256 not found in process
[0106/020155.671:ERROR:process_reader_win.cc(123)] NtOpenThread: {Eriþim Yok} Bir iþlem bir nesneye eriþmek istedi, ancak istediði eriþimin haklarý kendisine verilmiþ deðil. (0xc0000022)
[0106/020155.673:ERROR:exception_snapshot_win.cc(99)] thread ID 8416 not found in process
[0106/020155.750:ERROR:process_reader_win.cc(123)] NtOpenThread: {Eriþim Yok} Bir iþlem bir nesneye eriþmek istedi, ancak istediði eriþimin haklarý kendisine verilmiþ deðil. (0xc0000022)
[0106/020155.750:ERROR:exception_snapshot_win.cc(99)] thread ID 13408 not found in process
[0106/020535.642:ERROR:process_reader_win.cc(123)] NtOpenThread: {Eriþim Yok} Bir iþlem bir nesneye eriþmek istedi, ancak istediði eriþimin haklarý kendisine verilmiþ deðil. (0xc0000022)
[0106/020535.644:ERROR:exception_snapshot_win.cc(99)] thread ID 16016 not found in process
[0106/020535.733:ERROR:process_reader_win.cc(123)] NtOpenThread: {Eriþim Yok} Bir iþlem bir nesneye eriþmek istedi, ancak istediði eriþimin haklarý kendisine verilmiþ deðil. (0xc0000022)
[0106/020535.733:ERROR:exception_snapshot_win.cc(99)] thread ID 11424 not found in process
[0106/033628.850:ERROR:process_reader_win.cc(123)] NtOpenThread: {Eriþim Yok} Bir iþlem bir nesneye eriþmek istedi, ancak istediði eriþimin haklarý kendisine verilmiþ deðil. (0xc0000022)
[0106/033628.903:ERROR:exception_snapshot_win.cc(99)] thread ID 10636 not found in process
[0106/033628.952:ERROR:process_reader_win.cc(123)] NtOpenThread: {Eriþim Yok} Bir iþlem bir nesneye eriþmek istedi, ancak istediði eriþimin haklarý kendisine verilmiþ deðil. (0xc0000022)
[0106/033628.952:ERROR:exception_snapshot_win.cc(99)] thread ID 2040 not found in process
[0106/034757.842:ERROR:process_reader_win.cc(123)] NtOpenThread: {Eriþim Yok} Bir iþlem bir nesneye eriþmek istedi, ancak istediði eriþimin haklarý kendisine verilmiþ deðil. (0xc0000022)
[0106/034757.843:ERROR:exception_snapshot_win.cc(99)] thread ID 15972 not found in process
[0106/134217.930:ERROR:process_reader_win.cc(123)] NtOpenThread: {Eriþim Yok} Bir iþlem bir nesneye eriþmek istedi, ancak istediði eriþimin haklarý kendisine verilmiþ deðil. (0xc0000022)
[0106/134217.959:ERROR:exception_snapshot_win.cc(99)] thread ID 15292 not found in process
[0106/134218.016:ERROR:process_reader_win.cc(123)] NtOpenThread: {Eriþim Yok} Bir iþlem bir nesneye eriþmek istedi, ancak istediði eriþimin haklarý kendisine verilmiþ deðil. (0xc0000022)
[0106/134218.016:ERROR:exception_snapshot_win.cc(99)] thread ID 13088 not found in process
[0106/134515.865:ERROR:process_reader_win.cc(123)] NtOpenThread: {Eriþim Yok} Bir iþlem bir nesneye eriþmek istedi, ancak istediði eriþimin haklarý kendisine verilmiþ deðil. (0xc0000022)
[0106/134515.867:ERROR:exception_snapshot_win.cc(99)] thread ID 7236 not found in process
[0106/134515.918:ERROR:process_reader_win.cc(123)] NtOpenThread: {Eriþim Yok} Bir iþlem bir nesneye eriþmek istedi, ancak istediði eriþimin haklarý kendisine verilmiþ deðil. (0xc0000022)
[0106/134515.918:ERROR:exception_snapshot_win.cc(99)] thread ID 14656 not found in process
[0106/134516.764:ERROR:process_reader_win.cc(123)] NtOpenThread: {Eriþim Yok} Bir iþlem bir nesneye eriþmek istedi, ancak istediði eriþimin haklarý kendisine verilmiþ deðil. (0xc0000022)
[0106/134516.765:ERROR:exception_snapshot_win.cc(99)] thread ID 11500 not found in process
[0106/134516.809:ERROR:process_reader_win.cc(123)] NtOpenThread: {Eriþim Yok} Bir iþlem bir nesneye eriþmek istedi, ancak istediði eriþimin haklarý kendisine verilmiþ deðil. (0xc0000022)
[0106/134516.809:ERROR:exception_snapshot_win.cc(99)] thread ID 12780 not found in process
[0106/134611.926:ERROR:process_reader_win.cc(123)] NtOpenThread: {Eriþim Yok} Bir iþlem bir nesneye eriþmek istedi, ancak istediði eriþimin haklarý kendisine verilmiþ deðil. (0xc0000022)
[0106/134611.928:ERROR:exception_snapshot_win.cc(99)] thread ID 9996 not found in process
[0106/134611.959:ERROR:process_reader_win.cc(123)] NtOpenThread: {Eriþim Yok} Bir iþlem bir nesneye eriþmek istedi, ancak istediði eriþimin haklarý kendisine verilmiþ deðil. (0xc0000022)
[0106/134611.959:ERROR:exception_snapshot_win.cc(99)] thread ID 13412 not found in process
[0106/134612.058:ERROR:process_reader_win.cc(123)] NtOpenThread: {Eriþim Yok} Bir iþlem bir nesneye eriþmek istedi, ancak istediði eriþimin haklarý kendisine verilmiþ deðil. (0xc0000022)
[0106/134612.058:ERROR:exception_snapshot_win.cc(99)] thread ID 12492 not found in process
[0106/134856.908:ERROR:process_reader_win.cc(123)] NtOpenThread: {Eriþim Yok} Bir iþlem bir nesneye eriþmek istedi, ancak istediði eriþimin haklarý kendisine verilmiþ deðil. (0xc0000022)
[0106/134856.910:ERROR:exception_snapshot_win.cc(99)] thread ID 15644 not found in process
[0106/134856.981:ERROR:process_reader_win.cc(123)] NtOpenThread: {Eriþim Yok} Bir iþlem bir nesneye eriþmek istedi, ancak istediði eriþimin haklarý kendisine verilmiþ deðil. (0xc0000022)
[0106/134856.982:ERROR:exception_snapshot_win.cc(99)] thread ID 15648 not found in process
[0106/135043.079:ERROR:process_reader_win.cc(123)] NtOpenThread: {Eriþim Yok} Bir iþlem bir nesneye eriþmek istedi, ancak istediði eriþimin haklarý kendisine verilmiþ deðil. (0xc0000022)
[0106/135043.080:ERROR:exception_snapshot_win.cc(99)] thread ID 15520 not found in process
[0106/135043.127:ERROR:process_reader_win.cc(123)] NtOpenThread: {Eriþim Yok} Bir iþlem bir nesneye eriþmek istedi, ancak istediði eriþimin haklarý kendisine verilmiþ deðil. (0xc0000022)
[0106/135043.128:ERROR:exception_snapshot_win.cc(99)] thread ID 13460 not found in process
[0106/135341.989:ERROR:process_reader_win.cc(123)] NtOpenThread: {Eriþim Yok} Bir iþlem bir nesneye eriþmek istedi, ancak istediði eriþimin haklarý kendisine verilmiþ deðil. (0xc0000022)
[0106/135341.991:ERROR:exception_snapshot_win.cc(99)] thread ID 13812 not found in process
[0106/135342.061:ERROR:process_reader_win.cc(123)] NtOpenThread: {Eriþim Yok} Bir iþlem bir nesneye eriþmek istedi, ancak istediði eriþimin haklarý kendisine verilmiþ deðil. (0xc0000022)
[0106/135342.061:ERROR:exception_snapshot_win.cc(99)] thread ID 16180 not found in process
[0106/135503.250:ERROR:process_reader_win.cc(123)] NtOpenThread: {Eriþim Yok} Bir iþlem bir nesneye eriþmek istedi, ancak istediði eriþimin haklarý kendisine verilmiþ deðil. (0xc0000022)
[0106/135503.251:ERROR:exception_snapshot_win.cc(99)] thread ID 6956 not found in process
[0106/135503.304:ERROR:process_reader_win.cc(123)] NtOpenThread: {Eriþim Yok} Bir iþlem bir nesneye eriþmek istedi, ancak istediði eriþimin haklarý kendisine verilmiþ deðil. (0xc0000022)
[0106/135503.304:ERROR:exception_snapshot_win.cc(99)] thread ID 16248 not found in process
[0106/140204.814:ERROR:process_reader_win.cc(123)] NtOpenThread: {Eriþim Yok} Bir iþlem bir nesneye eriþmek istedi, ancak istediði eriþimin haklarý kendisine verilmiþ deðil. (0xc0000022)
[0106/140204.816:ERROR:exception_snapshot_win.cc(99)] thread ID 5236 not found in process
[0106/140204.911:ERROR:process_reader_win.cc(123)] NtOpenThread: {Eriþim Yok} Bir iþlem bir nesneye eriþmek istedi, ancak istediði eriþimin haklarý kendisine verilmiþ deðil. (0xc0000022)
[0106/140204.911:ERROR:exception_snapshot_win.cc(99)] thread ID 15168 not found in process
[0106/140205.867:ERROR:process_reader_win.cc(123)] NtOpenThread: {Eriþim Yok} Bir iþlem bir nesneye eriþmek istedi, ancak istediði eriþimin haklarý kendisine verilmiþ deðil. (0xc0000022)
[0106/140205.869:ERROR:exception_snapshot_win.cc(99)] thread ID 15704 not found in process
[0106/140205.904:ERROR:process_reader_win.cc(123)] NtOpenThread: {Eriþim Yok} Bir iþlem bir nesneye eriþmek istedi, ancak istediði eriþimin haklarý kendisine verilmiþ deðil. (0xc0000022)
[0106/140205.904:ERROR:exception_snapshot_win.cc(99)] thread ID 16100 not found in process
[0106/140205.983:ERROR:process_reader_win.cc(123)] NtOpenThread: {Eriþim Yok} Bir iþlem bir nesneye eriþmek istedi, ancak istediði eriþimin haklarý kendisine verilmiþ deðil. (0xc0000022)
[0106/140205.983:ERROR:exception_snapshot_win.cc(99)] thread ID 16284 not found in process
[0106/140434.572:ERROR:process_reader_win.cc(123)] NtOpenThread: {Eriþim Yok} Bir iþlem bir nesneye eriþmek istedi, ancak istediði eriþimin haklarý kendisine verilmiþ deðil. (0xc0000022)
[0106/140434.574:ERROR:exception_snapshot_win.cc(99)] thread ID 12876 not found in process
[0106/140434.667:ERROR:process_reader_win.cc(123)] NtOpenThread: {Eriþim Yok} Bir iþlem bir nesneye eriþmek istedi, ancak istediði eriþimin haklarý kendisine verilmiþ deðil. (0xc0000022)
[0106/140434.667:ERROR:exception_snapshot_win.cc(99)] thread ID 15372 not found in process
[0106/140717.406:ERROR:process_reader_win.cc(123)] NtOpenThread: {Eriþim Yok} Bir iþlem bir nesneye eriþmek istedi, ancak istediði eriþimin haklarý kendisine verilmiþ deðil. (0xc0000022)
[0106/140717.408:ERROR:exception_snapshot_win.cc(99)] thread ID 3508 not found in process
[0106/140717.451:ERROR:process_reader_win.cc(123)] NtOpenThread: {Eriþim Yok} Bir iþlem bir nesneye eriþmek istedi, ancak istediði eriþimin haklarý kendisine verilmiþ deðil. (0xc0000022)
[0106/140717.451:ERROR:exception_snapshot_win.cc(99)] thread ID 15544 not found in process
[0106/141759.229:ERROR:directory_reader_win.cc(43)] FindFirstFile: Sistem belirtilen yolu bulamýyor. (0x3)
[0106/142236.047:ERROR:process_reader_win.cc(123)] NtOpenThread: {Eriþim Yok} Bir iþlem bir nesneye eriþmek istedi, ancak istediði eriþimin haklarý kendisine verilmiþ deðil. (0xc0000022)
[0106/142236.047:ERROR:exception_snapshot_win.cc(99)] thread ID 8632 not found in process
[0106/142236.097:ERROR:process_reader_win.cc(123)] NtOpenThread: {Eriþim Yok} Bir iþlem bir nesneye eriþmek istedi, ancak istediði eriþimin haklarý kendisine verilmiþ deðil. (0xc0000022)
[0106/142236.098:ERROR:exception_snapshot_win.cc(99)] thread ID 14940 not found in process
[0106/143105.893:ERROR:process_reader_win.cc(123)] NtOpenThread: {Eriþim Yok} Bir iþlem bir nesneye eriþmek istedi, ancak istediði eriþimin haklarý kendisine verilmiþ deðil. (0xc0000022)
[0106/143105.894:ERROR:exception_snapshot_win.cc(99)] thread ID 4724 not found in process
[0106/143105.937:ERROR:process_reader_win.cc(123)] NtOpenThread: {Eriþim Yok} Bir iþlem bir nesneye eriþmek istedi, ancak istediði eriþimin haklarý kendisine verilmiþ deðil. (0xc0000022)
[0106/143105.937:ERROR:exception_snapshot_win.cc(99)] thread ID 7216 not found in process
[0106/143107.258:ERROR:process_reader_win.cc(123)] NtOpenThread: {Eriþim Yok} Bir iþlem bir nesneye eriþmek istedi, ancak istediði eriþimin haklarý kendisine verilmiþ deðil. (0xc0000022)
[0106/143107.260:ERROR:exception_snapshot_win.cc(99)] thread ID 4676 not found in process
[0106/143107.302:ERROR:process_reader_win.cc(123)] NtOpenThread: {Eriþim Yok} Bir iþlem bir nesneye eriþmek istedi, ancak istediði eriþimin haklarý kendisine verilmiþ deðil. (0xc0000022)
[0106/143107.302:ERROR:exception_snapshot_win.cc(99)] thread ID 13164 not found in process
[0106/144230.510:ERROR:directory_reader_win.cc(43)] FindFirstFile: Sistem belirtilen yolu bulamýyor. (0x3)
[0106/144959.030:ERROR:process_reader_win.cc(123)] NtOpenThread: {Eriþim Yok} Bir iþlem bir nesneye eriþmek istedi, ancak istediði eriþimin haklarý kendisine verilmiþ deðil. (0xc0000022)
[0106/144959.031:ERROR:exception_snapshot_win.cc(99)] thread ID 11252 not found in process
[0106/144959.073:ERROR:process_reader_win.cc(123)] NtOpenThread: {Eriþim Yok} Bir iþlem bir nesneye eriþmek istedi, ancak istediði eriþimin haklarý kendisine verilmiþ deðil. (0xc0000022)
[0106/144959.073:ERROR:exception_snapshot_win.cc(99)] thread ID 2496 not found in process
[0106/150020.472:ERROR:directory_reader_win.cc(43)] FindFirstFile: Sistem belirtilen yolu bulamýyor. (0x3)
[0106/153926.901:ERROR:process_reader_win.cc(123)] NtOpenThread: {Eriþim Yok} Bir iþlem bir nesneye eriþmek istedi, ancak istediði eriþimin haklarý kendisine verilmiþ deðil. (0xc0000022)
[0106/153926.902:ERROR:exception_snapshot_win.cc(99)] thread ID 6204 not found in process
[0106/153926.985:ERROR:process_reader_win.cc(123)] NtOpenThread: {Eriþim Yok} Bir iþlem bir nesneye eriþmek istedi, ancak istediði eriþimin haklarý kendisine verilmiþ deðil. (0xc0000022)
[0106/153926.986:ERROR:exception_snapshot_win.cc(99)] thread ID 10060 not found in process
[0106/154410.380:ERROR:process_reader_win.cc(123)] NtOpenThread: {Eriþim Yok} Bir iþlem bir nesneye eriþmek istedi, ancak istediði eriþimin haklarý kendisine verilmiþ deðil. (0xc0000022)
[0106/154410.381:ERROR:exception_snapshot_win.cc(99)] thread ID 10728 not found in process
[0106/154410.420:ERROR:process_reader_win.cc(123)] NtOpenThread: {Eriþim Yok} Bir iþlem bir nesneye eriþmek istedi, ancak istediði eriþimin haklarý kendisine verilmiþ deðil. (0xc0000022)
[0106/154410.420:ERROR:exception_snapshot_win.cc(99)] thread ID 13176 not found in process
[0106/154653.460:ERROR:process_reader_win.cc(123)] NtOpenThread: {Eriþim Yok} Bir iþlem bir nesneye eriþmek istedi, ancak istediði eriþimin haklarý kendisine verilmiþ deðil. (0xc0000022)
[0106/154653.462:ERROR:exception_snapshot_win.cc(99)] thread ID 7560 not found in process
[0106/154653.503:ERROR:process_reader_win.cc(123)] NtOpenThread: {Eriþim Yok} Bir iþlem bir nesneye eriþmek istedi, ancak istediði eriþimin haklarý kendisine verilmiþ deðil. (0xc0000022)
[0106/154653.503:ERROR:exception_snapshot_win.cc(99)] thread ID 14816 not found in process
[0106/155512.756:ERROR:process_reader_win.cc(123)] NtOpenThread: {Eriþim Yok} Bir iþlem bir nesneye eriþmek istedi, ancak istediði eriþimin haklarý kendisine verilmiþ deðil. (0xc0000022)
[0106/155512.757:ERROR:exception_snapshot_win.cc(99)] thread ID 15912 not found in process
[0106/155512.791:ERROR:process_reader_win.cc(151)] SuspendThread: Eriþim engellendi. (0x5)
[0106/155512.792:ERROR:process_reader_win.cc(123)] NtOpenThread: {Eriþim Yok} Bir iþlem bir nesneye eriþmek istedi, ancak istediði eriþimin haklarý kendisine verilmiþ deðil. (0xc0000022)
[0106/155512.792:ERROR:exception_snapshot_win.cc(99)] thread ID 11764 not found in process
[0106/155629.278:ERROR:process_reader_win.cc(123)] NtOpenThread: {Eriþim Yok} Bir iþlem bir nesneye eriþmek istedi, ancak istediði eriþimin haklarý kendisine verilmiþ deðil. (0xc0000022)
[0106/155629.279:ERROR:exception_snapshot_win.cc(99)] thread ID 12400 not found in process
[0106/155629.335:ERROR:process_reader_win.cc(151)] SuspendThread: Eriþim engellendi. (0x5)
[0106/155629.336:ERROR:process_reader_win.cc(123)] NtOpenThread: {Eriþim Yok} Bir iþlem bir nesneye eriþmek istedi, ancak istediði eriþimin haklarý kendisine verilmiþ deðil. (0xc0000022)
[0106/155629.336:ERROR:exception_snapshot_win.cc(99)] thread ID 15240 not found in process
[0106/155923.755:ERROR:process_reader_win.cc(123)] NtOpenThread: {Eriþim Yok} Bir iþlem bir nesneye eriþmek istedi, ancak istediði eriþimin haklarý kendisine verilmiþ deðil. (0xc0000022)
[0106/155923.757:ERROR:exception_snapshot_win.cc(99)] thread ID 12848 not found in process
[0106/155923.830:ERROR:process_reader_win.cc(123)] NtOpenThread: {Eriþim Yok} Bir iþlem bir nesneye eriþmek istedi, ancak istediði eriþimin haklarý kendisine verilmiþ deðil. (0xc0000022)
[0106/155923.830:ERROR:exception_snapshot_win.cc(99)] thread ID 1760 not found in process
[0106/155924.741:ERROR:process_reader_win.cc(123)] NtOpenThread: {Eriþim Yok} Bir iþlem bir nesneye eriþmek istedi, ancak istediði eriþimin haklarý kendisine verilmiþ deðil. (0xc0000022)
[0106/155924.744:ERROR:exception_snapshot_win.cc(99)] thread ID 15520 not found in process
[0106/155924.840:ERROR:process_reader_win.cc(123)] NtOpenThread: {Eriþim Yok} Bir iþlem bir nesneye eriþmek istedi, ancak istediði eriþimin haklarý kendisine verilmiþ deðil. (0xc0000022)
[0106/155924.840:ERROR:exception_snapshot_win.cc(99)] thread ID 14884 not found in process
[0106/160059.702:ERROR:process_reader_win.cc(123)] NtOpenThread: {Eriþim Yok} Bir iþlem bir nesneye eriþmek istedi, ancak istediði eriþimin haklarý kendisine verilmiþ deðil. (0xc0000022)
[0106/160059.704:ERROR:exception_snapshot_win.cc(99)] thread ID 11424 not found in process
[0106/160059.758:ERROR:process_reader_win.cc(123)] NtOpenThread: {Eriþim Yok} Bir iþlem bir nesneye eriþmek istedi, ancak istediði eriþimin haklarý kendisine verilmiþ deðil. (0xc0000022)
[0106/160059.758:ERROR:exception_snapshot_win.cc(99)] thread ID 15352 not found in process
[0106/160541.984:ERROR:process_reader_win.cc(123)] NtOpenThread: {Eriþim Yok} Bir iþlem bir nesneye eriþmek istedi, ancak istediði eriþimin haklarý kendisine verilmiþ deðil. (0xc0000022)
[0106/160541.985:ERROR:exception_snapshot_win.cc(99)] thread ID 14792 not found in process
[0106/160542.037:ERROR:process_reader_win.cc(123)] NtOpenThread: {Eriþim Yok} Bir iþlem bir nesneye eriþmek istedi, ancak istediði eriþimin haklarý kendisine verilmiþ deðil. (0xc0000022)
[0106/160542.037:ERROR:exception_snapshot_win.cc(99)] thread ID 15708 not found in process
[0106/160615.233:ERROR:process_reader_win.cc(123)] NtOpenThread: {Eriþim Yok} Bir iþlem bir nesneye eriþmek istedi, ancak istediði eriþimin haklarý kendisine verilmiþ deðil. (0xc0000022)
[0106/160615.235:ERROR:exception_snapshot_win.cc(99)] thread ID 10908 not found in process
[0106/160615.278:ERROR:process_reader_win.cc(123)] NtOpenThread: {Eriþim Yok} Bir iþlem bir nesneye eriþmek istedi, ancak istediði eriþimin haklarý kendisine verilmiþ deðil. (0xc0000022)
[0106/160615.279:ERROR:exception_snapshot_win.cc(99)] thread ID 5360 not found in process
[0106/160615.398:ERROR:process_reader_win.cc(151)] SuspendThread: Eriþim engellendi. (0x5)
[0106/160615.399:ERROR:process_reader_win.cc(123)] NtOpenThread: {Eriþim Yok} Bir iþlem bir nesneye eriþmek istedi, ancak istediði eriþimin haklarý kendisine verilmiþ deðil. (0xc0000022)
[0106/160615.400:ERROR:exception_snapshot_win.cc(99)] thread ID 1140 not found in process
[0106/160921.818:ERROR:process_reader_win.cc(123)] NtOpenThread: {Eriþim Yok} Bir iþlem bir nesneye eriþmek istedi, ancak istediði eriþimin haklarý kendisine verilmiþ deðil. (0xc0000022)
[0106/160921.820:ERROR:exception_snapshot_win.cc(99)] thread ID 15380 not found in process
[0106/160921.934:ERROR:process_reader_win.cc(123)] NtOpenThread: {Eriþim Yok} Bir iþlem bir nesneye eriþmek istedi, ancak istediði eriþimin haklarý kendisine verilmiþ deðil. (0xc0000022)
[0106/160921.934:ERROR:exception_snapshot_win.cc(99)] thread ID 12964 not found in process
[0106/160923.190:ERROR:process_reader_win.cc(123)] NtOpenThread: {Eriþim Yok} Bir iþlem bir nesneye eriþmek istedi, ancak istediði eriþimin haklarý kendisine verilmiþ deðil. (0xc0000022)
[0106/160923.193:ERROR:exception_snapshot_win.cc(99)] thread ID 15464 not found in process
[0106/160923.280:ERROR:process_reader_win.cc(123)] NtOpenThread: {Eriþim Yok} Bir iþlem bir nesneye eriþmek istedi, ancak istediði eriþimin haklarý kendisine verilmiþ deðil. (0xc0000022)
[0106/160923.281:ERROR:exception_snapshot_win.cc(99)] thread ID 13236 not found in process
[0106/160931.758:ERROR:process_reader_win.cc(123)] NtOpenThread: {Eriþim Yok} Bir iþlem bir nesneye eriþmek istedi, ancak istediði eriþimin haklarý kendisine verilmiþ deðil. (0xc0000022)
[0106/160931.761:ERROR:exception_snapshot_win.cc(99)] thread ID 13444 not found in process
[0106/160931.801:ERROR:process_reader_win.cc(123)] NtOpenThread: {Eriþim Yok} Bir iþlem bir nesneye eriþmek istedi, ancak istediði eriþimin haklarý kendisine verilmiþ deðil. (0xc0000022)
[0106/160931.801:ERROR:exception_snapshot_win.cc(99)] thread ID 11832 not found in process
[0106/160931.878:ERROR:process_reader_win.cc(123)] NtOpenThread: {Eriþim Yok} Bir iþlem bir nesneye eriþmek istedi, ancak istediði eriþimin haklarý kendisine verilmiþ deðil. (0xc0000022)
[0106/160931.878:ERROR:exception_snapshot_win.cc(99)] thread ID 4312 not found in process
[0106/161311.962:ERROR:process_reader_win.cc(123)] NtOpenThread: {Eriþim Yok} Bir iþlem bir nesneye eriþmek istedi, ancak istediði eriþimin haklarý kendisine verilmiþ deðil. (0xc0000022)
[0106/161311.964:ERROR:exception_snapshot_win.cc(99)] thread ID 11556 not found in process
[0106/161312.012:ERROR:process_reader_win.cc(123)] NtOpenThread: {Eriþim Yok} Bir iþlem bir nesneye eriþmek istedi, ancak istediði eriþimin haklarý kendisine verilmiþ deðil. (0xc0000022)
[0106/161312.012:ERROR:exception_snapshot_win.cc(99)] thread ID 14272 not found in process
[0106/161313.363:ERROR:process_reader_win.cc(123)] NtOpenThread: {Eriþim Yok} Bir iþlem bir nesneye eriþmek istedi, ancak istediði eriþimin haklarý kendisine verilmiþ deðil. (0xc0000022)
[0106/161313.364:ERROR:exception_snapshot_win.cc(99)] thread ID 14928 not found in process
[0106/161313.414:ERROR:process_reader_win.cc(123)] NtOpenThread: {Eriþim Yok} Bir iþlem bir nesneye eriþmek istedi, ancak istediði eriþimin haklarý kendisine verilmiþ deðil. (0xc0000022)
[0106/161313.414:ERROR:exception_snapshot_win.cc(99)] thread ID 12924 not found in process
[0106/161643.188:ERROR:process_reader_win.cc(123)] NtOpenThread: {Eriþim Yok} Bir iþlem bir nesneye eriþmek istedi, ancak istediði eriþimin haklarý kendisine verilmiþ deðil. (0xc0000022)
[0106/161643.191:ERROR:exception_snapshot_win.cc(99)] thread ID 11928 not found in process
[0106/161643.286:ERROR:process_reader_win.cc(123)] NtOpenThread: {Eriþim Yok} Bir iþlem bir nesneye eriþmek istedi, ancak istediði eriþimin haklarý kendisine verilmiþ deðil. (0xc0000022)
[0106/161643.287:ERROR:exception_snapshot_win.cc(99)] thread ID 4312 not found in process
[0106/162044.250:ERROR:process_reader_win.cc(123)] NtOpenThread: {Eriþim Yok} Bir iþlem bir nesneye eriþmek istedi, ancak istediði eriþimin haklarý kendisine verilmiþ deðil. (0xc0000022)
[0106/162044.252:ERROR:exception_snapshot_win.cc(99)] thread ID 15996 not found in process
[0106/162044.285:ERROR:process_reader_win.cc(123)] NtOpenThread: {Eriþim Yok} Bir iþlem bir nesneye eriþmek istedi, ancak istediði eriþimin haklarý kendisine verilmiþ deðil. (0xc0000022)
[0106/162044.285:ERROR:exception_snapshot_win.cc(99)] thread ID 2692 not found in process
[0106/162044.361:ERROR:process_reader_win.cc(123)] NtOpenThread: {Eriþim Yok} Bir iþlem bir nesneye eriþmek istedi, ancak istediði eriþimin haklarý kendisine verilmiþ deðil. (0xc0000022)
[0106/162044.361:ERROR:exception_snapshot_win.cc(99)] thread ID 14768 not found in process
[0106/162110.473:ERROR:process_reader_win.cc(123)] NtOpenThread: {Eriþim Yok} Bir iþlem bir nesneye eriþmek istedi, ancak istediði eriþimin haklarý kendisine verilmiþ deðil. (0xc0000022)
[0106/162110.475:ERROR:exception_snapshot_win.cc(99)] thread ID 15280 not found in process
[0106/162110.515:ERROR:process_reader_win.cc(123)] NtOpenThread: {Eriþim Yok} Bir iþlem bir nesneye eriþmek istedi, ancak istediði eriþimin haklarý kendisine verilmiþ deðil. (0xc0000022)
[0106/162110.515:ERROR:exception_snapshot_win.cc(99)] thread ID 13748 not found in process
[0106/162110.613:ERROR:process_reader_win.cc(123)] NtOpenThread: {Eriþim Yok} Bir iþlem bir nesneye eriþmek istedi, ancak istediði eriþimin haklarý kendisine verilmiþ deðil. (0xc0000022)
[0106/162110.613:ERROR:exception_snapshot_win.cc(99)] thread ID 6308 not found in process
[0106/162113.970:ERROR:process_reader_win.cc(123)] NtOpenThread: {Eriþim Yok} Bir iþlem bir nesneye eriþmek istedi, ancak istediði eriþimin haklarý kendisine verilmiþ deðil. (0xc0000022)
[0106/162113.970:ERROR:exception_snapshot_win.cc(99)] thread ID 13676 not found in process
[0106/183817.279:ERROR:process_reader_win.cc(123)] NtOpenThread: {Eriþim Yok} Bir iþlem bir nesneye eriþmek istedi, ancak istediði eriþimin haklarý kendisine verilmiþ deðil. (0xc0000022)
[0106/183817.281:ERROR:exception_snapshot_win.cc(99)] thread ID 10296 not found in process
[0106/183817.304:ERROR:process_reader_win.cc(123)] NtOpenThread: {Eriþim Yok} Bir iþlem bir nesneye eriþmek istedi, ancak istediði eriþimin haklarý kendisine verilmiþ deðil. (0xc0000022)
[0106/183817.304:ERROR:exception_snapshot_win.cc(99)] thread ID 5852 not found in process
[0106/183817.350:ERROR:process_reader_win.cc(123)] NtOpenThread: {Eriþim Yok} Bir iþlem bir nesneye eriþmek istedi, ancak istediði eriþimin haklarý kendisine verilmiþ deðil. (0xc0000022)
[0106/183817.350:ERROR:exception_snapshot_win.cc(99)] thread ID 2840 not found in process
[0106/211241.187:ERROR:process_reader_win.cc(123)] NtOpenThread: {Eriþim Yok} Bir iþlem bir nesneye eriþmek istedi, ancak istediði eriþimin haklarý kendisine verilmiþ deðil. (0xc0000022)
[0106/211241.253:ERROR:exception_snapshot_win.cc(99)] thread ID 7684 not found in process
[0106/211241.301:ERROR:process_reader_win.cc(123)] NtOpenThread: {Eriþim Yok} Bir iþlem bir nesneye eriþmek istedi, ancak istediði eriþimin haklarý kendisine verilmiþ deðil. (0xc0000022)
[0106/211241.301:ERROR:exception_snapshot_win.cc(99)] thread ID 4112 not found in process
[0106/213318.225:ERROR:process_reader_win.cc(123)] NtOpenThread: {Eriþim Yok} Bir iþlem bir nesneye eriþmek istedi, ancak istediði eriþimin haklarý kendisine verilmiþ deðil. (0xc0000022)
[0106/213318.227:ERROR:exception_snapshot_win.cc(99)] thread ID 12384 not found in process
[0106/213318.250:ERROR:process_reader_win.cc(123)] NtOpenThread: {Eriþim Yok} Bir iþlem bir nesneye eriþmek istedi, ancak istediði eriþimin haklarý kendisine verilmiþ deðil. (0xc0000022)
[0106/213318.250:ERROR:exception_snapshot_win.cc(99)] thread ID 2524 not found in process
[0106/213318.297:ERROR:process_reader_win.cc(123)] NtOpenThread: {Eriþim Yok} Bir iþlem bir nesneye eriþmek istedi, ancak istediði eriþimin haklarý kendisine verilmiþ deðil. (0xc0000022)
[0106/213318.298:ERROR:exception_snapshot_win.cc(99)] thread ID 4376 not found in process
[0107/025120.514:ERROR:process_reader_win.cc(151)] SuspendThread: Eriþim engellendi. (0x5)
[0107/025120.607:ERROR:process_reader_win.cc(123)] NtOpenThread: {Eriþim Yok} Bir iþlem bir nesneye eriþmek istedi, ancak istediði eriþimin haklarý kendisine verilmiþ deðil. (0xc0000022)
[0107/025120.620:ERROR:exception_snapshot_win.cc(99)] thread ID 14512 not found in process
[0107/025120.664:ERROR:process_reader_win.cc(123)] NtOpenThread: {Eriþim Yok} Bir iþlem bir nesneye eriþmek istedi, ancak istediði eriþimin haklarý kendisine verilmiþ deðil. (0xc0000022)
[0107/025120.664:ERROR:exception_snapshot_win.cc(99)] thread ID 7184 not found in process
[0107/025120.724:ERROR:process_reader_win.cc(123)] NtOpenThread: {Eriþim Yok} Bir iþlem bir nesneye eriþmek istedi, ancak istediði eriþimin haklarý kendisine verilmiþ deðil. (0xc0000022)
[0107/025120.724:ERROR:exception_snapshot_win.cc(99)] thread ID 9156 not found in process
[0107/031519.324:ERROR:directory_reader_win.cc(43)] FindFirstFile: Sistem belirtilen yolu bulamýyor. (0x3)
[0107/130503.232:ERROR:process_reader_win.cc(123)] NtOpenThread: {Eriþim Yok} Bir iþlem bir nesneye eriþmek istedi, ancak istediði eriþimin haklarý kendisine verilmiþ deðil. (0xc0000022)
[0107/130503.342:ERROR:exception_snapshot_win.cc(99)] thread ID 15084 not found in process
[0107/130503.548:ERROR:process_reader_win.cc(123)] NtOpenThread: {Eriþim Yok} Bir iþlem bir nesneye eriþmek istedi, ancak istediði eriþimin haklarý kendisine verilmiþ deðil. (0xc0000022)
[0107/130503.548:ERROR:exception_snapshot_win.cc(99)] thread ID 15092 not found in process
[0107/131842.996:ERROR:directory_reader_win.cc(43)] FindFirstFile: Sistem belirtilen yolu bulamýyor. (0x3)
[0107/131949.729:ERROR:directory_reader_win.cc(43)] FindFirstFile: Sistem belirtilen yolu bulamýyor. (0x3)
[0107/132140.615:ERROR:directory_reader_win.cc(43)] FindFirstFile: Sistem belirtilen yolu bulamýyor. (0x3)
[0107/133319.448:ERROR:process_reader_win.cc(123)] NtOpenThread: {Eriþim Yok} Bir iþlem bir nesneye eriþmek istedi, ancak istediði eriþimin haklarý kendisine verilmiþ deðil. (0xc0000022)
[0107/133319.449:ERROR:exception_snapshot_win.cc(99)] thread ID 14280 not found in process
[0107/133319.474:ERROR:process_reader_win.cc(151)] SuspendThread: Eriþim engellendi. (0x5)
[0107/133319.474:ERROR:process_reader_win.cc(123)] NtOpenThread: {Eriþim Yok} Bir iþlem bir nesneye eriþmek istedi, ancak istediði eriþimin haklarý kendisine verilmiþ deðil. (0xc0000022)
[0107/133319.475:ERROR:exception_snapshot_win.cc(99)] thread ID 17388 not found in process
[0107/133319.517:ERROR:process_reader_win.cc(123)] NtOpenThread: {Eriþim Yok} Bir iþlem bir nesneye eriþmek istedi, ancak istediði eriþimin haklarý kendisine verilmiþ deðil. (0xc0000022)
[0107/133319.517:ERROR:exception_snapshot_win.cc(99)] thread ID 13144 not found in process
[0107/133519.409:ERROR:process_reader_win.cc(123)] NtOpenThread: {Eriþim Yok} Bir iþlem bir nesneye eriþmek istedi, ancak istediði eriþimin haklarý kendisine verilmiþ deðil. (0xc0000022)
[0107/133519.411:ERROR:exception_snapshot_win.cc(99)] thread ID 1188 not found in process
[0107/133519.433:ERROR:process_reader_win.cc(123)] NtOpenThread: {Eriþim Yok} Bir iþlem bir nesneye eriþmek istedi, ancak istediði eriþimin haklarý kendisine verilmiþ deðil. (0xc0000022)
[0107/133519.433:ERROR:exception_snapshot_win.cc(99)] thread ID 16092 not found in process
[0107/133519.483:ERROR:process_reader_win.cc(123)] NtOpenThread: {Eriþim Yok} Bir iþlem bir nesneye eriþmek istedi, ancak istediði eriþimin haklarý kendisine verilmiþ deðil. (0xc0000022)
[0107/133519.483:ERROR:exception_snapshot_win.cc(99)] thread ID 17248 not found in process
[0107/134020.452:ERROR:directory_reader_win.cc(43)] FindFirstFile: Sistem belirtilen yolu bulamýyor. (0x3)
[0107/134149.867:ERROR:directory_reader_win.cc(43)] FindFirstFile: Sistem belirtilen yolu bulamýyor. (0x3)
